[   0.000] Linu vsion 4.15.0-5-generic (bld@lgw01am4-01) cc version 7.4.0 (Ubntu 7.4.0-1ubutu1~1804)) #58-Uunu SMMo Jun 2 1:55:4 C 2019(Untu .10-54.58geric 4.15.8)
[    0.000000] Command line: BOOT_IMAGE=/boot/vmlinuz-4.15.0-54-generic root=LABEL=cloudimg-rootfs ro console=tty1 console=ttyS0
[    0.000000] KERNEL supported cpus:
[    0.000000]   Intel GenuineIntel
[    0.000000]   AMD AuthenticAMD
[    0.000000]   Centaur CentaurHauls
[    0.000000] x86/fpu: Supporting XSAVE feature 0x001: 'x87 floating point registers'
[    0.000000] x86/fpu: Supporting XSAVE feature 0x002: 'SSE registers'
[    0.000000] x86/fpu: Supporting XSAVE feature 0x004: 'AVX registers'
[    0.000000] x86/fpu: xstate_offset[2]:  576, xstate_sizes[2]:  256
[    0.000000] x86/fpu: Enabled xstate features 0x7, context size is 832 bytes, using 'standard' format.
[    0.000000] e820: BIOS-provided physical RAM map:
[    0.000000] BIOS-e820: [mem 0x0000000000000000-0x000000000009fbff] usable
[    0.000000] BIOS-e820: [mem 0x000000000009fc00-0x000000000009ffff] reserved
[    0.000000] BIOS-e820: [mem 0x00000000000f0000-0x00000000000fffff] reserved
[    0.000000] BIOS-e820: [mem 0x0000000000100000-0x00000000dffeffff] usable
[    0.000000] BIOS-e820: [mem 0x00000000dfff0000-0x00000000dfffffff] ACPI data
[    0.000000] BIOS-e820: [mem 0x00000000fec00000-0x00000000fec00fff] reserved
[    0.000000] BIOS-e820: [mem 0x00000000fee00000-0x00000000fee00fff] reserved
[    0.000000] BIOS-e820: [mem 0x00000000fffc0000-0x00000000ffffffff] reserved
[    0.000000] BIOS-e820: [mem 0x0000000100000000-0x000000011fffffff] usable
[    0.000000] NX (Execute Disable) protection: active
[    0.000000] SMBIOS 2.5 present.
[    0.000000] DMI: innotek GmbH VirtualBox/VirtualBox, BIOS VirtualBox 12/01/2006
[    0.000000] Hypervisor detected: KVM
[    0.000000] e820: last_pfn = 0x120000 max_arch_pfn = 0x400000000
[    0.000000] MTRR: Disabled
[    0.000000] x86/PAT: MTRRs disabled, skipping PAT initialization too.
[    0.000000] CPU MTRRs all blank - virtualized system.
[    0.000000] x86/PAT: Configuration [0-7]: WB  WT  UC- UC  WB  WT  UC- UC  
[    0.000000] e820: last_pfn = 0xdfff0 max_arch_pfn = 0x400000000
[    0.000000]ound SMP M-table a [mem x09fff0-x009ff]mapped at [        (ptrval)]
[    0.0000]Scning 1 areas forlow meorcorruption
[    .0000] RDIK: [me 0x3530000xd40fff]
[  0.00000] API: Early table checksum verification disabled
[    0.000000] ACPI: RSDP 0x00000000000E0000 000024 (v02 VBOX  )
[    0.000000] ACPI: XSDT 0x00000000DFFF0030 00003C (v01 VBOX   VBOXXSDT 00000001 ASL  00000061)
[    0.000000] ACPI: FACP 0x00000000DFFF00F0 0000F4 (v04 VBOX   VBOXFACP 00000001 ASL  00000061)
[    0.000000] ACPI: DSDT 0x00000000DFFF0470 0021FF (v02 VBOX   VBOXBIOS 00000002 INTL 20100528)
[    0.000000] ACPI: FACS 0x00000000DFFF0200 000040
[    0.000000] ACPI: FACS 0x00000000DFFF0200 000040
[    0.000000] ACPI: APIC 0x00000000DFFF0240 00005C (v02 VBOX   VBOXAPIC 00000001 ASL  00000061)
[    0.000000] ACPI: SSDT 0x00000000DFFF02A0 0001CC (v01 VBOX   VBOXCPUT 00000002 INTL 20100528)
[    0.000000] No NUMA configuration found
[    0.000000] Faking a node at [mem 0x0000000000000000-0x000000011fffffff]
[    0.000000] NODE_DATA(0) allocated [mem 0x11ffd5000-0x11fffffff]
[    0.000000] kvm-clock: cpu 0, msr 1:1ff54001, primary cpu clock
[    0.000000] kvm-clock: Using msrs 4b564d01 and 4b564d00
[    0.000000] kvm-clock: using sched offset of 3492186995 cycles
[    0.000000] clocksource: kvm-clock: mask: 0xffffffffffffffff max_cycles: 0x1cd42e4dffb, max_idle_ns: 881590591483 ns
[    0.000000] Zone ranges:
[    0.000000]   DMA      [mem 0x0000000000001000-0x0000000000ffffff]
[    0.000000]   DMA32    [mem 0x0000000001000000-0x00000000ffffffff]
[    0.000000]   Normal   [mem 0x0000000100000000-0x000000011fffffff]
[    0.000000]   Device   empty
[    0.000000] Movable zone start for each node
[    0.000000] Early memory node ranges
[    0.000000]   node   0 [me0x000000000000-0x000000009ff
[   0.0000]   no  0: [emx0000000001000-0x00000dffff]
[    00000]  de   0: [mem0x0000000000000x000001fffff][   0.0000] Reseved but unavailable: 114 pages
[    0.000000] Initmem setup node 0 [mem 0x0000000000001000-0x000000011fffffff]
[    0.000000] ACPI: PM-Timer IO Port: 0x4008
[    0.000000] IOAPIC[0]: apic_id 2, version 32, address 0xfec00000, GSI 0-23
[    0.000000] ACPI: INT_SRC_OVR (bus 0 bus_irq 0 global_irq 2 dfl dfl)
[    0.000000] ACPI: INT_SRC_OVR (bus 0 bus_irq 9 global_irq 9 low level)
[    0.000000] Using ACPI (MADT) for SMP configuration information
[    0.000000] smpboot: Allowing 2 CPUs, 0 hotplug CPUs
[    0.000000] PM: Registered nosave memory: [mem 0x00000000-0x00000fff]
[    0.000000] PM: Registered nosave memory: [mem 0x0009f000-0x0009ffff]
[    0.000000] PM: Registered nosave memory: [mem 0x000a0000-0x000effff]
[    0.000000] PM: Registered nosave memory: [mem 0x000f0000-0x000fffff]
[    0.000000] PM: Registered nosave memory: [mem 0xdfff0000-0xdfffffff]
[    0.000000] PM: Registered nosave memory: [mem 0xe0000000-0xfebfffff]
[    0.000000] PM: Registered nosave memory: [mem 0xfec00000-0xfec00fff]
[    0.000000] PM: Registered nosave memory: [mem 0xfec01000-0xfedfffff]
[    0.000000] PM: Registered nosave memory: [mem 0xfee00000-0xfee00fff]
[    0.000000] PM: Registered nosave memory: [mem 0xfee01000-0xfffbffff]
[    0.000000] PM: Registered nosave memory: [mem 0xfffc0000-0xffffffff]
[    0.000000] e820: [mem 0xe0000000-0xfebfffff] available for PCI devices
[    0.000000] Booting paravirtualized kernel on KVM
[    0.000000] clocksource: refined-jiffies: mask: 0xffffffff max_cycles: 0xffffffff, max_idle_ns: 7645519600211568 ns
[    0.000000] random: get_random_bytes called from start_kernel+0x99/0x4fd with crng_init=0
[    0.000000] setup_percpu: NR_CPUS:8192 nr_cpumask_bits:2 nr_cpu_ids:2 nr_node_ids:1
[    0.000000] percpu: Embedded 46 pages/cpu @        (ptrval) s151552 r8192 d28672 u1048576
[    0.000000] PV qspinlock hash table entries: 256 (order: 0, 4096 bytes)
[    0.000000] Built 1 zonelists, mobility grouping on.  Total pages: 1032057
[    0.000000] Policy zone: Normal
[    0.000000] Kernel command line: BOOT_IMAGE=/boot/vmlinuz-4.15.0-54-generic root=LABEL=cloudimg-rootfs ro console=tty1 console=ttyS0
[    0.000000] Memory: 4014080K/4193848K available (12300K kernel code, 2473K rwdata, 4272K rodata, 2408K init, 2416K bsss, 179768K reserved, 0K cma-reserved)
[    0.000000] SLUB: HWalign=64, Order=0-3, MinObjects=0, CPUs=2, Nodes=1
[    0.000000] Kernel/User page tables isolation: enabled
[    0.000000] ftrace: allocating 39216 entries in 154 pages
[    0.004000] Hierarchical RCU implementation.
[    0.004000] 	RCU restricting CPUs from NR_CPUS=8192 to nr_cpu_ids=2.
[    0.004000] 	Tasks RCU enabled.
[    0.004000] RCU: Adjusting geometry for rcu_fanout_leaf=16, nr_cpu_ids=2
[    0.004000] NR_IRQS: 524544, nr_irqs: 440, preallocated irqs: 16
[    0.004000] Console: colour VGA+ 80x25
[    0.004000] console [tty1] enabled
[    0.004000] console [ttyS0]enbled[    000000] ACP: re rvion 20170831
[   0.0000 ACP 2ACPIMLtabls ccessfully acquiedand oad
[    00000] APIC: Switch to symmetric I/O mode setup
[    0.004178] x2apic enabled
[    0.008003] Switched APIC routing to physical x2apic.
[    0.012706] ..TIMER: vector=0x30 apic1=0 pin1=2 apic2=-1 pin2=-1
[    0.016019] tsc: Detected 2903.998 MHz processor
[    0.020010] Calibrating delay loop (skipped) preset value.. 5807.99 BogoMIPS (lpj=11615992)
[    0.022060] pid_max: default: 32768 minimum: 301
[    0.024080] Security Framework initialized
[    0.025189] Yama: becoming mindful.
[    0.025956] AppArmor: AppArmor initialized
[    0.030475] Dentry cache hash table entries: 524288 (order: 10, 4194304 bytes)
[    0.033187] Inode-cache hash table entries: 262144 (order: 9, 2097152 bytes)
[    0.034605] Mount-cache hash table entries: 8192 (order: 4, 65536 bytes)
[    0.035930] Mountpoint-cache hash table entries: 8192 (order: 4, 65536 bytes)
[    0.036167] mce: CPU supports 0 MCE banks
[    0.037354] Last level iTLB entries: 4KB 64, 2MB 8, 4MB 8
[    0.038359] Last level dTLB entries: 4KB 64, 2MB 0, 4MB 0, 1GB 4
[    0.040003] Spectre V2 : Mitigation: Full generic retpoline
[    0.041039] Spectre V2 : Spectre v2 / SpectreRSB mitigation: Filling RSB on context switch
[    0.042566] Speculative Store Bypass: Vulnerable
[    0.044039] MDS: Vulnerable: Clear CPU buffers attempted, no microcode
[    0.045355] Freeing SMP alternatives memory: 36K
[    0.052000] smpboot: CPU0: Intel(R) Core(TM) i9-8950HK CPU @ 2.90GHz (family: 0x6, model: 0x9e, stepping: 0xa)
[    0.052064] Performance Events: unsupported p6 CPU model 158 no PMU driver, software events only.
[    0.056032] Hierarchical SRCU implementation.
[    0.060406] NMI watchdog: Perf event create on CPU 0 failed with -2
[    0.064005] NMI watchdog: Perf NMI watchdog permanently disabled
[    0.068056] smp: Bringing up secondary CPUs ...
[    0.073103] x86: Booting SMP configuration:
[    0.076005] .... node  #0, CPUs:      #1
[    0.004000] kvm-clock: cpu 1, msr 1:1ff54041, secondary cpu clock
[    0.004000] mce: CPU supports 0 MCE banks
[    0.091400] smp: Brought up 1 node, 2 CPUs
[    0.092004] smpboot: Max logical packages: 1
[    0.096002] smpboot: Total of 2 processors activated (11615.99 BogoMIPS)
[    0.097322] devtmpfs: initialized
[    0.097322] x86/mm: Memory block size: 128MB
[    0.100226] evm: security.selinux
[    0.100859] evm: security.SMACK64
[    0.101482] evm: security.SMACK64EXEC
[    0.102164] evm: security.SMACK64TRANSMUTE
[    0.102916] evm: security.SMACK64MMAP
[    0.104002] evm: security.apparmor
[    0.104818] evm: security.ima
[    0.105389] evm: security.capability
[    0.106092] clocksource: jiffies: mask: 0xffffffff max_cycles: 0xffffffff, max_idle_ns: 7645041785100000 ns
[    0.108010] futex hash table entries: 512 (order: 3, 32768 bytes)
[    0.109126] pinctrl core: initialized pinctrl subsystem
[    0.110136] RTC time: 15:32:54, date: 07/09/19
[    0.112127] NET: Registered protocol family 16
[    0.113054] audit: initializing netlink subsys (disabled)
[    0.114080] audit: type=2000 audit(1562686374.999:1): state=initialized audit_enabled=0 res=1
[    0.116011] cpuidle: using governor ladder
[    0.116782] cpuidle: using governor menu
[    0.117547] ACPI: bus type PCI registered
[    0.118281] acpiphp: ACPI Hot Plug PCI Controller Driver version: 0.5
[    0.119498] PCI: Using configuration type 1 for base access
[    0.120686] HugeTLB registered 2.00 MiB page size, pre-allocated 0 pages
[    0.121170] ACPI: Added _OSI(Module Device)
[    0.124005] ACPI: Added _OSI(Processor Device)
[    0.124796] ACPI: Added _OSI(3.0 _SCP Extensions)
[    0.125629] ACPI: Added _OSI(Processor Aggregator Device)
[    0.128006] ACPI: Added _OSI(Linux-Dell-Video)
[    0.132003] ACPI: Added _OSI(Linux-Lenovo-NV-HDMI-Audio)
[    0.136004] ACPI: Added _OSI(Linux-HPI-Hybrid-Graphics)
[    0.140316] ACPI: Executed 1 blocks of module-level executable AML code
[    0.146184] ACPI: Interpreter enabled
[    0.148010] ACPI: (supports S0 S5)
[    0.152002] ACPI: Using IOAPIC for interrupt routing
[    0.156157] PCI: Using host bridge windows from ACPI; if necessary, use "pci=nocrs" and report a bug
[    0.160174] ACPI: Enabled 2 GPEs in block 00 to 07
[    0.169405] ACPI: PCI Root Bridge [PCI0] (domain 0000 [bus 00-ff])
[    0.172010] acpi PNP0A03:00: _OSC: OS supports [ASPM ClockPM Segments MSI]
[    0.176038] acpi PNP0A03:00: _OSC: not requesting OS control; OS requires [ExtendedConfig ASPM ClockPM MSI]
[    0.177767] acpi PNP0A03:00: fail to add MMCONFIG information, can't access extended PCI configuration space under this bridge.
[    0.180376] PCI host bridge to bus 0000:00
[    0.181134] pci_bus 0000:00: root bus resource [io  0x0000-0x0cf7 window]
[    0.184002] pci_bus 0000:00: root bus resource [io  0x0d00-0xffff window]
[    0.185195] pci_bus 0000:00: root bus resource [mem 0x000a0000-0x000bffff window]
[    0.186533] pci_bus 0000:00: root bus resource [mem 0xe0000000-0xfdffffff window]
[    0.188002] pci_bus 0000:00: root bus resource [bus 00-ff]
[    0.192314] pci 0000:00:01.1: legacy IDE quirk: reg 0x10: [io  0x01f0-0x01f7]
[    0.193595] pci 0000:00:01.1: legacy IDE quirk: reg 0x14: [io  0x03f6]
[    0.194736] pci 0000:00:01.1: legacy IDE quirk: reg 0x18: [io  0x0170-0x0177]
[    0.196003] pci 0000:00:01.1: legacy IDE quirk: reg 0x1c: [io  0x0376]
[    0.225134] pci 0000:00:07.0: quirk: [io  0x4000-0x403f] claimed by PIIX4 ACPI
[    0.228022] pci 0000:00:07.0: quirk: [io  0x4100-0x410f] claimed by PIIX4 SMB
[    0.241592] ACPI: PCI Interrupt Link [LNKA] (IRQs 5 9 10 *11)
[    0.244286] ACPI: PCI Interrupt Link [LNKB] (IRQs 5 9 *10 11)
[    0.248113] ACPI: PCI Interrupt Link [LNKC] (IRQs 5 *9 10 11)
[    0.256066] ACPI: PCI Interrupt Link [LNKD] (IRQs 5 9 10 *11)
[    0.264177] SCSI subsystem initialized
[    0.272021] pci 0000:00:02.0: vgaarb: setting as boot VGA device
[    0.276000] pci 0000:00:02.0: vgaarb: VGA device added: decodes=io+mem,owns=io+mem,locks=none
[    0.276008] pci 0000:00:02.0: vgaarb: bridge control possible
[    0.280002] vgaarb: loaded
[    0.280569] ACPI: bus type USB registered
[    0.281327] usbcore: registered new interface driver usbfs
[    0.282315] usbcore: registered new interface driver hub
[    0.284018] usbcore: registered new device driver usb
[    0.284978] EDAC MC: Ver: 3.0.0
[    0.285287] PCI: Using ACPI for IRQ routing
[    0.285287] NetLabel: Initializing
[    0.288002] NetLabel:  domain hash size = 128
[    0.288798] NetLabel:  protocols = UNLABELED CIPSOv4 CALIPSO
[    0.289819] NetLabel:  unlabeled traffic allowed by default
[    0.290831] clocksource: Switched to clocksource kvm-clock
[    0.299172] VFS: Disk quotas dquot_6.6.0
[    0.300402] VFS: Dquot-cache hash table entries: 512 (order 0, 4096 bytes)
[    0.301698] AppArmor: AppArmor Filesystem Enabled
[    0.302581] pnp: PnP ACPI init
[    0.304386] pnp: PnP ACPI: found 3 devices
[  0132]losoceac_p mk:xfffmacyes0xff, x_dle_s:08014 

[    1.251744] NET: Registered protocol family 2
[    1.257759] TCP established hash table entries: 32768 (order: 6, 262144 bytes)
[    1.258982] TCP bind hash table entries: 32768 (order: 7, 524288 bytes)
[    1.260147] TCP: Hash tables configured (established 32768 bind 32768)
[    1.261247] UDP hash table entries: 2048 (order: 4, 65536 bytes)
[    1.262212] UDP-Lite hash table entries: 2048 (order: 4, 65536 bytes)
[    1.263247] NET: Registered protocol family 1
[    1.264346] pci 0000:00:00.0: Limiting direct PCI/PCI transfers
[    1.265410] pci 0000:00:01.0: Activating ISA DMA hang workarounds
[    1.266421] pci 0000:00:02.0: Video device with shadowed ROM at [mem 0x000c0000-0x000dffff]
[    1.267856] Unpacking initramfs...
[    1.465606] Freeing initrd memory: 19128K
[    1.585593] PCI-DMA: Using software bounce buffering for IO (SWIOTLB)
[    1.734073] software IO TLB [mem 0xdbff0000-0xdfff0000] (64MB) mapped at [        (ptrval)-        (ptrval)]
[    1.968251] clocksource: tsc: mask: 0xffffffffffffffff max_cycles: 0x29dc03c1beb, max_idle_ns: 440795205215 ns
[    2.265972] platform rtc_cmos: registered platform RTC device (no PNP device found)
[    2.418335] Scanning for low memory corruption every 60 seconds
[    2.420961] Initialise system trusted keyrings
[    2.421785] Key type blacklist registered
[    2.422652] workingset: timestamp_bits=36 max_order=20 bucket_order=0
[    2.425720] zbud: loaded
[    2.426690] squashfs: version 4.0 (2009/01/31) Phillip Lougher
[    2.427941] fuse init (API version 7.26)
[    2.430993] Key type asymmetric registered
[    2.431745] Asymmetric key parser 'x509' registered
[    2.432671] Block layer SCSI generic (bsg) driver version 0.4 loaded (major 246)
[    2.434121] io scheduler noop registered
[    2.435088] io scheduler deadline registered
[    2.435886] io scheduler cfq registered (default)
[    2.437294] ACPI: AC Adapter [AC] (off-line)
[    2.438150] input: Power Button as /devices/LNXSYSTM:00/LNXPWRBN:00/input/input0
[    2.439580] ACPI: Power Button [PWRF]
[    2.440386] input: Sleep Button as /devices/LNXSYSTM:00/LNXSLPBN:00/input/input1
[    2.441761] ACPI: Sleep Button [SLPF]
[    2.442756] Serial: 8250/16550 driver, 32 ports, IRQ sharing enabled
[    2.443689] ACPI: Battery Slot [BAT0] (battery present)
[    2.468321] 00:02: ttyS0 at I/O 0x3f8 (irq = 4, base_baud = 115200) is a 16550A
[    2.625401] Linux agpgart interface v0.103
[    2.743888] loop: module loaded
[    2.848317] scsi host0: ata_piix
[    2.914543] scsi host1: ata_piix
[    2.953161] ata1: PATA max UDMA/33 cmd 0x1f0 ctl 0x3f6 bmdma 0xd000 irq 14
[    2.954364] ata2: PATA max UDMA/33 cmd 0x170 ctl 0x376 bmdma 0xd008 irq 15
[    3.1092] iby:ixed MDIO Bus: probed
[    3.341932] tun: Universal TUN/TAP device driver, 1.6
[    3.407181] PPP generic driver version 2.4.2
[    3.483066] ehci_hcd: USB 2.0 'Enhanced' Host Controller (EHCI) Driver
[    3.493658] ehci-pci: EHCI PCI platform driver
[    3.494509] ehci-platform: EHCI generic platform driver
[    3.495442] ohci_hcd: USB 1.1 'Open' Host Controller (OHCI) Driver
[    3.496959] ohci-pci: OHCI PCI platform driver
[    3.497786] ohci-platform: OHCI generic platform driver
[    3.498731] uhci_hcd: USB Universal Host Controller Interface driver
[    3.499888] i8042: PNP: PS/2 Controller [PNP0303:PS2K,PNP0f03:PS2M] at 0x60,0x64 irq 1,12
[    3.501720] serio: i8042 KBD port at 0x60,0x64 irq 1
[    3.502641] serio: i8042 AUX port at 0x60,0x64 irq 12
[    3.503595] mousedev: PS/2 mouse device common for all mice
[    3.505483] rtc_cmos rtc_cmos: rtc core: registered rtc_cmos as rtc0
[    3.506671] rtc_cmos rtc_cmos: alarms up to one day, 114 bytes nvram
[    3.507810] i2c /dev entries driver
[    3.508510] input: AT Translated Set 2 keyboard as /devices/platform/i8042/serio0/input/input2
[    3.510168] device-mapper: uevent: version 1.0.3
[    3.511524] device-mapper: ioctl: 4.37.0-ioctl (2017-09-20) initialised: dm-devel@redhat.com
[    3.513186] ledtrig-cpu: registered to indicate activity on CPUs
[    3.514751] NET: Registered protocol family 10
[    3.518337] Segment Routing with IPv6
[    3.519047] NET: Registered protocol family 17
[    3.519954] Key type dns_resolver registered
[    3.520891] RAS: Correctable Errors collector initialized.
[    3.521865] sched_clock: Marking stable (3520854046, 0)->(10725244136, -7204390090)
[    3.523581] registered taskstats version 1
[    3.541241] Loading compiled-in X.509 certificates
[    3.654363] Loaded X.509 cert 'Build time autogenerated kernel key: 1cc14bc8298a06d551159822c55fa35abd77a621'
[    3.834890] zswap: loaded using pool lzo/zbud
[    3.904827] Key type big_key registered
[    3.995091] Key type trusted registered
[    4.094805] Key type encrypted registered
[    4.180280] AppArmor: AppArmor sha1 policy hashing enabled
[    4.289897] ima: No TPM chip found, activating TPM-bypass! (rc=-19)
[    4.472594] ima: Allocated hash algorithm: sha1
[    4.559458] evm: HMAC attrs: 0x1
[    4.565173]   Magic number: 11:749:537
[    4.565923] tty ttyS17: hash matches
[    4.566668] rtc_cmos rtc_cmos: setting system clock to 2019-07-09 15:33:01 UTC (1562686381)
[    4.568255] BIOS EDD facility v0.16 2004-Jun-25, 0 devices found
[    4.569323] EDD information not available.
[    4.572033] Freeing unused kernel image memory: 2408K
[    4.588087] Write protecting the kernel read-only data: 20480k
[    4.589589] Freeing unused kernel image memory: 2008K
[    4.590741] Freeing unused kernel image memory: 1872K
[    4.595972] x86/mm: Checked W+X mappings: passed, no W+X pages found.
[    4.597219] x86/mm: Checking user space page tables
[    4.601693] x86/mm: Checked W+X mappings: passed, no W+X pages found.
Loading, please wait...
starting version 237
[    5.941995] Fusion MPT base driver 3.04.20
[    5.955394] e1000: Intel(R) PRO/1000 Network Driver - version 7.3.21-k8-NAPI
[    5.955394] e1000: Copyright (c) 1999-2006 Intel Corporation.
[    6.544723] Copyright (c) 1999-2008 LSI Corporation
[    6.552980] Fusion MPT SPI Host driver 3.04.20
[    6.657668] AVX2 version of gcm_enc/dec engaged.
[    6.701092] AES CTR mode by8 optimization enabled
[    6.753042] input: ImExPS/2 Generic Explorer Mouse as /devices/platform/i8042/serio1/input/input4
[    7.022500] e1000 0000:00:03.0 eth0: (PCI:33MHz:32-bit) 02:14:02:97:50:96
[    7.225997] e1000 0000:00:03.0 eth0: Intel(R) PRO/1000 Network Connection
[    7.508235] mptbase: ioc0: Initiating bringup
[    7.508360] e1000 0000:00:03.0 enp0s3: renamed from eth0
[    7.969728] ioc0: LSI53C1030 A0: Capabilities={Initiator}
[    8.940804] scsi host2: ioc0: LSI53C1030 A0, FwRev=00000000h, Ports=1, MaxQ=256, IRQ=20
[    9.920566] scsi 2:0:0:0: Direct-Access     VBOX     HARDDISK         1.0  PQ: 0 ANSI: 5
[    9.956090] scsi target2:0:0: Beginning Domain Validation
[    9.959033] scsi target2:0:0: Domain Validation skipping write tests
[    9.960330] scsi target2:0:0: Ending Domain Validation
[    9.961503] scsi target2:0:0: asynchronous
[    9.962966] scsi 2:0:1:0: Direct-Access     VBOX     HARDDISK         1.0  PQ: 0 ANSI: 5
[    9.996602] scsi target2:0:1: Beginning Domain Validation
[   10.108845] random: fast init done
[   10.540053] scsi target2:0:1: Domain Validation skipping write tests
[   10.916418] scsi target2:0:1: Ending Domain Validation
[   11.015024] scsi target2:0:1: asynchronous
[   11.027288] random: systemd-udevd: uninitialized urandom read (16 bytes read)
[   11.028598] random: systemd-udevd: uninitialized urandom read (16 bytes read)
[   11.028714] sd 2:0:0:0: Attached scsi generic sg0 type 0
[   11.028823] sd 2:0:1:0: Attached scsi generic sg1 type 0
[   11.029020] sd 2:0:0:0: [sda] 20971520 512-byte logical blocks: (10.7 GB/10.0 GiB)
[   11.029107] sd 2:0:0:0: [sda] Write Protect is off
[   11.029286] sd 2:0:0:0: [sda] Incomplete mode parameter data
[   11.029287] sd 2:0:0:0: [sda] Assuming drive cache: write through
[   11.029898]  sda: sda1
[   11.030439] sd 2:0:0:0: [sda] Attached SCSI disk
[   11.030608] sd 2:0:1:0: [sdb] 20480 512-byte logical blocks: (10.5 MB/10.0 MiB)
[   11.030652] sd 2:0:1:0: [sdb] Write Protect is off
[   11.030725] sd 2:0:1:0: [sdb] Incomplete mode parameter data
[   11.030726] sd 2:0:1:0: [sdb] Assuming drive cache: write through
[   11.031998] sd 2:0:1:0: [sdb] Attached SCSI disk
[   11.052367] random: systemd-udevd: uninitialized urandom read (16 bytes read)
Begin: Loading essential drivers ... [   12.384326] raid6: sse2x1   gen() 14280 MB/s
[   12.536211] raid6: sse2x1   xor() 10663 MB/s
[   12.620534] raid6: sse2x2   gen() 16728 MB/s
[   12.736295] raid6: sse2x2   xor() 11477 MB/s
[   12.872213] raid6: sse2x4   gen() 19816 MB/s
[   13.012449] raid6: sse2x4   xor() 12162 MB/s
[   13.124521] raid6: avx2x1   gen() 28247 MB/s
[   13.228563] raid6: avx2x1   xor() 19678 MB/s
[   13.356373] raid6: avx2x2   gen() 34508 MB/s
[   13.488219] raid6: avx2x2   xor() 22183 MB/s
[   13.648078] raid6: avx2x4   gen() 40710 MB/s
[   13.752246] raid6: avx2x4   xor() 21983 MB/s
[   13.824707] raid6: using algorithm avx2x4 gen() 40710 MB/s
[   13.939144] raid6: .... xor() 21983 MB/s, rmw enabled
[   14.032551] raid6: using avx2x2 recovery algorithm
[   14.164764] xor: automatically using best checksumming function   avx       
[   14.254969] async_tx: api initialized (async)
done.
Begin: Running /scripts/init-premount ... done.
Begin: Mounting root file system ... Begin: Running /scripts/local-top ... done.
Begin: Running /scripts/local-premount ... [   14.292346] Btrfs loaded, crc32c=crc32c-intel
Scanning for Btrfs filesystems
[   14.442376] EXT4-fs (sda1): mounted filesystem with ordered data mode. Opts: (null)
done.
Warning: fsck not present, so skipping root file system
done.
Begin: Running /scripts/local-bottom ... done.
Begin: Running /scripts/init-bottom ... done.
[   14.723224] ip_tables: (C) 2000-2006 Netfilter Core Team
[   15.399335] systemd[1]: systemd 237 running in system mode. (+PAM +AUDIT +SELINUX +IMA +APPARMOR +SMACK +SYSVINIT +UTMP +LIBCRYPTSETUP +GCRYPT +GNUTLS +ACL +XZ +LZ4 +SECCOMP +BLKID +ELFUTILS +KMOD -IDN2 +IDN -PCRE2 default-hierarchy=hybrid)
[   19.020996] systemd[1]: Detected virtualization oracle.
[   20.031236] systemd[1]: Detected architecture x86-64.

Welcome to [1mUbuntu 18.04.2 LTS[0m!

[   20.997047] systemd[1]: Set hostname to <ubuntu>.
[   21.271829] systemd[1]: Initializing machine ID from random generator.
[   21.273063] systemd[1]: Installed transient /etc/machine-id file.
[   21.415432] systemd[1]: Reached target System Time Synchronized.
[[0;32m  OK  [0m] Reached target System Time Synchronized.
[   22.218243] systemd[1]: Started Forward Password Requests to Wall Directory Watch.
[[0;32m  OK  [0m] Started Forward Password Requests to Wall Directory Watch.
[   23.449467] systemd[1]: Reached target Swap.
[[0;32m  OK  [0m] Reached target Swap.
[   24.133369] systemd[1]: Created slice User and Session Slice.
[[0;32m  OK  [0m] Created slice User and Session Slice.
[   25.113733] systemd[1]: Created slice System Slice.
[[0;32m  OK  [0m] Created slice System Slice.
[   26.298344] systemd[1]: Listening on Journal Socket (/dev/log).
[[0;32m  OK  [0m] Listening on Journal Socket (/dev/log).
[   27.421308] systemd[1]: Listening on Syslog Socket.
[[0;32m  OK  [0m] Listening on Syslog Socket.
[   28.287732] systemd[1]: Listening on /dev/initctl Compatibility Named Pipe.
[[0;32m  OK  [0m] Listening on /dev/initctl Compatibility Named Pipe.
[   29.533151] systemd[1]: Listening on udev Kernel Socket.
[[0;32m  OK  [0m] Listening on udev Kernel Socket.
[   29.764451] systemd[1]: Listening on Device-mapper event daemon FIFOs.
[[0;32m  OK  [0m] Listening on Device-mapper event daemon FIFOs.
[   30.065337] systemd[1]: Listening on Journal Socket.
[[0;32m  OK  [0m] Listening on Journal Socket.
[   30.269560] systemd[1]: Starting Create list of required static device nodes for the current kernel...
         Starting Create list of required st…ce nodes for the current kernel...
[   30.334630] systemd[1]: Mounting Kernel Debug File System...
         Mounting Kernel Debug File System...
[   30.337988] systemd[1]: Mounting Huge Pages File System...
         Mounting Huge Pages File System...
[   30.342325] systemd[1]: Mounting POSIX Message Queue File System...
         Mounting POSIX Message Queue File System...
         Starting Remount Root and Kernel File Systems...
[[0;32m  OK  [0m] Listening on Journal Audit Socket.
         Starting Journal Service...
         Starting Set the console keyboard layout...
[[0;32m  OK  [0m] Listening on LVM2 poll daemon socket.
[[0;32m  OK  [0m] Listening on Network Service Netlink Socket.
[[0;32m  OK  [0m] Listening on LVM2 metadata daemon socket.
         [   30.366675] EXT4-fs (sda1): re-mounted. Opts: (null)
Starting Monitor[   30.497802] random: crng init done
ing of LVM2 mirr[   30.593037] random: 7 urandom warning(s) missed due to ratelimiting
ors…ng dmeventd or progress polling...
[[0;32m  OK  [0m] Reached target User and Group Name Lookups.
[[0;32m  OK  [0m] Reached target Slices.
[[0;32m  OK  [0m] Set up automount Arbitrary Executab…rmats File System Automount Point.
[[0;32m  OK  [0m] Listening on udev Control Socket.
         Starting udev Coldplug all Devices...
         Starting Uncomplicated firewall...
[[0;32m  OK  [0m] Created slice system-serial\x2dgetty.slice.
         Starting Load Ke[   31.113235] Loading iSCSI transport class v2.0-870.
rnel Modules...[   31.795121] iscsi: registered transport (tcp)

[   31.833344] systemd[1]: Started Journal Service.
[[0;32m  OK  [0[   31.963260] iscsi: registered transport (iser)
m] Started Journal Service.
[[0;32m  OK  [0m] Started Create list of required sta…vice nodes for the current kernel.
[[0;32m  OK  [0m] Mounted Kernel Debug File System.
[[0;32m  OK  [0m] Mounted Huge Pages File System.
[[0;32m  OK  [0m] Mounted POSIX Message Queue File System.
[[0;32m  OK  [0m] Started Remount Root and Kernel File Systems.
[[0;32m  OK  [0m] Started Set the console keyboard layout.
[[0;32m  OK  [0m] Started Uncomplicated firewall.
[[0;32m  OK  [0m] Started Load Kernel Modules.
[[0;32m  OK  [0m] Started udev Coldplug all Devices.
[[0;32m  OK  [0m] Started LVM2 metadata daemon.
         Mounting FUSE Control File System...
         Mounting Kernel Configuration File System...
         Starting Apply Kernel Variables...
         Starting Load/Save Random Seed...
         Starting Create Static Device Nodes in /dev...
         Starting Flush Journal to Persistent Storage...
[[0;32m  OK  [0m] Mounted FUSE Control File System.
[[0;32m  OK  [0m] Mounted Kernel Configuration File System.
[[0;32m  OK  [0m] Started Load/Save Random Seed.
[[0;32m  OK  [0m] Started Monitoring of LVM2 mirrors,…sing dmeventd or progress polling.
[[0;32m  OK  [0m] Started Apply Kernel Variables.
[[0;32m  OK  [0m] Started Create Static Device Nodes in /dev.
[[0;32m  OK  [0m] Started Flush Journal to Persistent Storage.
[[0;32m  OK  [0m] Reached target Local File Systems (Pre).
[[0;32m  OK  [0m] Reached target Local File Systems.
         Starting Create Volatile Files and Directories...
         Starting Commit a transient machine-id on disk...
         Starting ebtables ruleset management...
         Starting Set console font and keymap...
         Starting AppArmor initialization...
         Starting Tell Plymouth To Write Out Runtime Data...
         Starting udev Kernel Device Manager...
[[0;32m  OK  [0m] Started Create Volatile Files and Directories.
[[0;32m  OK  [0m] Started Commit a transient machine-id on disk.
[[0;32m  OK  [0m] Started Set console font and keymap.
[[0;32m  OK  [0m] Started udev Kernel Device Manager.
[[0;32m  OK  [0m] Started Tell Plymouth To Write Out Runtime Data.
[[0;32m  OK  [0m] Started Dispatch Password Requests to Console Directory Watch.
[[0;32m  OK  [0m] Reached target Local Encrypted Volumes.
         Starting Update UTMP about System Boot/Shutdown...
[[0;32m  OK  [0m] Started Update UTMP about System Boot/Shutdown.
[[0;32m  OK  [0m] Started ebtables ruleset management.
[[0;32m  OK  [0m] Found device /dev/ttyS0.
[[0;32m  OK  [0m] Listening on Load/Save RF Kill Switch Status /dev/rfkill Watch.
[[0;32m  OK  [0m] Started AppArmor initialization.
         Starting Initial cloud-init job (pre-networking)...
[   34.184222] cloud-init[534]: Cloud-init v. 19.1-1-gbaa47854-0ubuntu1~18.04.1 running 'init-local' at Tue, 09 Jul 2019 15:33:30 +0000. Up 33.97 seconds.
[[0;32m  OK  [0m] Started Initial cloud-init job (pre-networking).
[[0;32m  OK  [0m] Reached target Network (Pre).
         Starting Network Service...
[[0;32m  OK  [0m] Started Network Service.
         Starting Network Name Resolution...
         Starting Wait for Network to be Configured...
[[0;32m  OK  [0m] Started Network Name Resolution.
[[0;32m  OK  [0m] Reached target Network.
[[0;32m  OK  [0m] Reached target Host and Network Name Lookups.
[[0;32m  OK  [0m] Started Wait for Network to be Configured.
         Starting Initial cloud-init job (metadata service crawler)...
[   36.471533] cloud-init[666]: Cloud-init v. 19.1-1-gbaa47854-0ubuntu1~18.04.1 running 'init' at Tue, 09 Jul 2019 15:33:33 +0000. Up 36.37 seconds.
[   36.474613] cloud-init[666]: ci-info: +++++++++++++++++++++++++++++++++++++Net device info++++++++++++++++++++++++++++++++++++++
[   36.476472] cloud-init[666]: ci-info: +--------+------+---------------------------+---------------+--------+-------------------+
[   36.478339] cloud-init[666]: ci-info: | Device |  Up  |          Address          |      Mask     | Scope  |     Hw-Address    |
[   36.480294] cloud-init[666]: ci-info: +--------+------+---------------------------+---------------+--------+-------------------+
[   36.482040] cloud-init[666]: ci-info: | enp0s3 | True |         10.0.2.15         | 255.255.255.0 | global | 02:14:02:97:50:96 |
[   36.488407] cloud-init[666]: ci-info: | enp0s3 | True | fe80::14:2ff:fe97:5096/64 |       .       |  link  | 02:14:02:97:50:96 |
[   36.531643] cloud-init[666]: ci-info: |   lo   | True |         127.0.0.1         |   255.0.0.0   |  host  |         .         |
[   36.533742] cloud-init[666]: ci-info: |   lo   | True |          ::1/128          |       .       |  host  |         .         |
[   36.535740] cloud-init[666]: ci-info: +--------+------+---------------------------+---------------+--------+-------------------+
[   36.537542] cloud-init[666]: ci-info: ++++++++++++++++++++++++++++Route IPv4 info+++++++++++++++++++++++++++++
[   36.539259] cloud-init[666]: ci-info: +-------+-------------+----------+-----------------+-----------+-------+
[   36.541049] cloud-init[666]: ci-info: | Route | Destination | Gateway  |     Genmask     | Interface | Flags |
[   36.542629] cloud-init[666]: ci-info: +-------+-------------+----------+-----------------+-----------+-------+
[   36.544290] cloud-init[666]: ci-info: |   0   |   0.0.0.0   | 10.0.2.2 |     0.0.0.0     |   enp0s3  |   UG  |
[   36.545901] cloud-init[666]: ci-info: |   1   |   10.0.2.0  | 0.0.0.0  |  255.255.255.0  |   enp0s3  |   U   |
[   36.547623] cloud-init[666]: ci-info: |   2   |   10.0.2.2  | 0.0.0.0  | 255.255.255.255 |   enp0s3  |   UH  |
[   36.549349] cloud-init[666]: ci-info: +-------+-------------+----------+-----------------+-----------+-------+
[   36.551194] cloud-init[666]: ci-info: +++++++++++++++++++Route IPv6 info+++++++++++++++++++
[   36.552569] cloud-init[666]: ci-info: +-------+-------------+---------+-----------+-------+
[   36.553994] cloud-init[666]: ci-info: | Route | Destination | Gateway | Interface | Flags |
[   36.555429] cloud-init[666]: ci-info: +-------+-------------+---------+-----------+-------+
[   36.557072] cloud-init[666]: ci-info: |   1   |  fe80::/64  |    ::   |   enp0s3  |   U   |
[   36.558519] cloud-init[666]: ci-info: |   3   |    local    |    ::   |   enp0s3  |   U   |
[   36.559795] cloud-init[666]: ci-info: |   4   |   ff00::/8  |    ::   |   enp0s3  |   U   |
[   36.561109] cloud-init[666]: ci-info: +-------+-------------+---------+-----------+-------+
[   37.097100] cloud-init[666]: Generating public/private rsa key pair.
[   37.098684] cloud-init[666]: Your identification has been saved in /etc/ssh/ssh_host_rsa_key.
[   37.100097] cloud-init[666]: Your public key has been saved in /etc/ssh/ssh_host_rsa_key.pub.
[   37.101497] cloud-init[666]: The key fingerprint is:
[   37.102316] cloud-init[666]: SHA256:ykC6yoJtx6YOlKykFwP+S/q4Ma4pPnYql3yn5fzzUqg root@ubuntu-bionic
[   37.104187] cloud-init[666]: The key's randomart image is:
[   37.105165] cloud-init[666]: +---[RSA 2048]----+
[   37.105955] cloud-init[666]: |                 |
[   37.106809] cloud-init[666]: |                 |
[   37.107741] cloud-init[666]: |.   .            |
[   37.108555] cloud-init[666]: |o..o             |
[   37.109339] cloud-init[666]: | *+ .   S.       |
[   37.110123] cloud-init[666]: |= .+ o .. .      |
[   37.110915] cloud-init[666]: |==o=  +. .       |
[   37.111792] cloud-init[666]: |BB%.*+E o        |
[   37.112993] cloud-init[666]: |@%OB.oo..+.      |
[   37.113848] cloud-init[666]: +----[SHA256]-----+
[   37.114686] cloud-init[666]: Generating public/private dsa key pair.
[   37.115758] cloud-init[666]: Your identification has been saved in /etc/ssh/ssh_host_dsa_key.
[   37.117249] cloud-init[666]: Your public key has been saved in /etc/ssh/ssh_host_dsa_key.pub.
[   37.118808] cloud-init[666]: The key fingerprint is:
[   37.119684] cloud-init[666]: SHA256:o3UrI9lMzg+P/92xg2rvUqaqRouD42+zLahLqsJiMSM root@ubuntu-bionic
[   37.121061] cloud-init[666]: The key's randomart image is:
[   37.121928] cloud-init[666]: +---[DSA 1024]----+
[   37.122683] cloud-init[666]: |                 |
[   37.123430] cloud-init[666]: |                 |
[[0;32m  OK  [0m] Started Initial cloud-init job (metadata service crawler).
[[0;32m  OK  [0m] Reached target Cloud-config availability.
[[0;32m  OK  [0m] Reached target System Initialization.
[[0;32m  OK  [0m] Started Discard unused blocks once a week.
[   37.173792] cloud-init[666]: |                 |
[   37.182426] cloud-init[666]: |                 |
[   37.183403] cloud-init[666]: |        S .      |
[   37.184438] cloud-init[666]: |E+     @ o . o   |
[   37.185367] cloud-init[666]: |o.+ o * X . + .. |
[   37.186338] cloud-init[666]: |=o + *.+ B + o oo|
[[0;32m  OK  [0m] Listening on Open-iSCSI iscsid Socket.
[[0;32m  OK  [0m] Started Daily apt download activities.
[   37.189680] cloud-init[666]: |Bo+.+o*ooo*o*o..o|
[   37.192662] cloud-init[666]: +----[SHA256]-----+
[   37.193509] cloud-init[666]: Generating public/private ecdsa key pair.
[   37.194686] cloud-init[666]: Your identification has been saved in /etc/ssh/ssh_host_ecdsa_key.
[   37.196111] cloud-init[666]: Your public key has been saved in /etc/ssh/ssh_host_ecdsa_key.pub.
         Starting LXD - unix socket.
[   37.200193] [[0;32m  OK  [0m] Started ACPI Events Check.
[[0;32m  OK  [0m] Reached target Paths.
[[0;32m  OK  [0m] Listening on ACPID Listen Socket.
[[0;32m  OK  [0m] Started Daily apt upgrade and clean activities.
[[0;32m  OK  [0m] Listening on D-Bus System Message Bus Socket.
[[0;32m  OK  [0m] Listening on UUID daemon activation socket.
[[0;32m  OK  [0m] Started Message of the Day.
         Starting Socket activation for snappy daemon.
[[0;32m  OK  [0m] Started Daily Cleanup of Temporary Directories.
[[0;32m  OK  [0m] Reached target Timers.
[[0;32m  OK  [0m] Reached target Network is Online.
cloud-init[666]: The key fingerprint is:
[[0;32m  OK  [0m] Reached target Remote File Systems (Pre).
[   37.205802] [[0;32m  OK  [0m] Reached target Remote File Systems.
         Starting Availability of block devices...
[[0;32m  OK  [0m] Listening on LXD - unix socket.
[[0;32m  OK  [0m] Listening on Socket activation for snappy daemon.
[[0;32m  OK  [0m] Reached target Sockets.
[[0;32m  OK  [0m] Reached target Basic System.
         Starting Permit User Sessions...
         Starting Dispatcher daemon for systemd-networkd...
         Starting Pollinate to seed the pseudo random number generator...
[[0;32m  OK  [0m] Started D-Bus System Message Bus.
cloud-init[666]: SHA256:/jjRlTVOrvc5389XsTeRTHb6sl1v1lKBax119VrGsDc root@ubuntu-bionic
[   37.258544] cloud-init[666]: The key's randomart image is:
[   37.260741] cloud-init[666]: +---[ECDSA 256]---+
[   37.273597] cloud-init[666]: |              . o|
[   37.277516] cloud-init[666]: |              +*=|
[[0;32m  OK  [0m] Started Deferred execution scheduler.
[   37.323936] cloud-init[666]:          Starting LXD - container startup/shutdown...
[[0;32m  OK  [0m] Started FUSE filesystem for LXC.
         Starting LSB: automatic crash report generation...
|             **E@|
[   37.329325] cloud-init[666]: |            o.+%.|[[0;32m  OK  [0m] Started Regular background program processing daemon.
         Starting Virtualbox guest utils...
         Starting Accounts Service...
         Starting LSB: Record successful boot for GRUB...

[   37.336741]          Starting Snappy daemon...
cloud-init[666]:          Starting System Logging Service...
|        S. . .+.*|[[0;32m  OK  [0m] Started irqbalance daemon.

[   37.341786]          Starting Login Service...
[[0;32m  OK  [0m] Started Availability of block devices.
[[0;32m  OK  [0m] Started Permit User Sessions.
         Starting Terminate Plymouth Boot Screen...
         Starting Hold until boot process finishes up...
[[0;32m  OK  [0m] Started Hold until boot process finishes up.
[[0;32m  OK  [0m] Started Serial Getty on ttyS0.
         Starting Set console scheme...
cloud-init[666]: |       .. . .oo+*|
[   37.356151] cloud-init[666]: |        ..  .. *O|
[   37.363200] [[0;32m  OK  [0m] Started Terminate Plymouth Boot Screen.
cloud-init[666]: |        .o    o+X|
[   37.368234] cloud-init[666]: |        ...    +X|
[   37.389786] cloud-init[666]: +----[SHA256]-----+
[   37.392330] cloud-init[666]: Generating public/private ed25519 key pair.
[   37.394464] cloud-init[666]: Your identification has been saved in /etc/ssh/ssh_host_ed25519_key.
[   37.397548] cloud-init[666]: Your public key has been saved in /etc/ssh/ssh_host_ed25519_key.pub.
[   37.402194] cloud-init[666]: The key fingerprint is:
[   37.404528] cloud-init[666]: SHA256:Uk42JC/4PV2FcZqG9Na4Fpk9vUOWOsjex/0DjKofExs root@ubuntu-bionic
[   37.406022] cloud-init[666]: The key's randomart image is:
[   37.406948] cloud-init[666]: +--[ED25519 256]--+
[   37.407899] cloud-init[666]: |      . . . .oo  |
[   37.408737] cloud-init[666]: |     . + . o.@ ..|
[   37.409531] cloud-init[666]: |    . . * . % ++.|
[   37.410591] cloud-init[666]: |     . B o.+.o+..|
[   37.411470] cloud-init[666]: |      o SE.o=o o |
[   37.412555] cloud-init[666]: |       . .=o.oo o|
[   37.413356] cloud-init[666]: |         +.. ..o.|
[   37.414154] cloud-init[666]: |         .o   ...|
[   37.415450] cloud-init[666]: |       .o.      o|
[   37.416342] cloud-init[666]: +----[SHA256]-----+
[[0;32m  OK  [0m] Started System Logging Service.
[[0;32m  OK  [0m] Started Set console scheme.
[[0;32m  OK  [0m] Created slice system-getty.slice.
[[0;32m  OK  [0m] Started Getty on tty1.
[[0;32m  OK  [0m] Reached target Login Prompts.
[[0;32m  OK  [0m] Started Login Service.
[[0;32m  OK  [0m] Started Unattended Upgrades Shutdown.
         Starting Authorization Manager...
[[0;32m  OK  [0m] Started LXD - container startup/shutdown.
[[0;32m  OK  [0m] Started LSB: automatic crash report generation.
[[0;32m  OK  [0m] Started Dispatcher daemon for systemd-networkd.
[[0;32m  OK  [0m] Started Authorization Manager.
[[0;32m  OK  [0m] Started Accounts Service.
[[0;32m  OK  [0m] Started LSB: Record successful boot for GRUB.
[[0;32m  OK  [0m] Started Virtualbox guest utils.
[[0;32m  OK  [0m] Started Snappy daemon.
         Starting Wait until snapd is fully seeded...
[[0;32m  OK  [0m] Started Pollinate to seed the pseudo random number generator.
         Starting OpenBSD Secure Shell server...
[[0;32m  OK  [0m] Started OpenBSD Secure Shell server.
[[0;32m  OK  [0m] Created slice User Slice of vagrant.
         Starting User Manager for UID 1000...
[[0;32m  OK  [0m] Started Session 1 of user vagrant.
[[0;32m  OK  [0m] Started User Manager for UID 1000.
[[0;32m  OK  [0m] Started Wait until snapd is fully seeded.
         Starting Apply the settings specified in cloud-config...
[[0;32m  OK  [0m] Reached target Multi-User System.
[[0;32m  OK  [0m] Reached target Graphical Interface.
         Starting Update UTMP about System Runlevel Changes...
[[0;32m  OK  [0m] Started Update UTMP about System Runlevel Changes.
[   39.666526] cloud-init[1216]: Cloud-init v. 19.1-1-gbaa47854-0ubuntu1~18.04.1 running 'modules:config' at Tue, 09 Jul 2019 15:33:36 +0000. Up 39.35 seconds.
[[0;32m  OK  [0m] Started Apply the settings specified in cloud-config.
         Starting Execute cloud user/final scripts...
ci-info: no authorized ssh keys fingerprints found for user ubuntu.
<14>Jul  9 15:33:36 ec2: 
<14>Jul  9 15:33:36 ec2: #############################################################
<14>Jul  9 15:33:36 ec2: -----BEGIN SSH HOST KEY FINGERPRINTS-----
<14>Jul  9 15:33:36 ec2: 1024 SHA256:o3UrI9lMzg+P/92xg2rvUqaqRouD42+zLahLqsJiMSM root@ubuntu-bionic (DSA)
<14>Jul  9 15:33:37 ec2: 256 SHA256:/jjRlTVOrvc5389XsTeRTHb6sl1v1lKBax119VrGsDc root@ubuntu-bionic (ECDSA)
<14>Jul  9 15:33:37 ec2: 256 SHA256:Uk42JC/4PV2FcZqG9Na4Fpk9vUOWOsjex/0DjKofExs root@ubuntu-bionic (ED25519)
<14>Jul  9 15:33:37 ec2: 2048 SHA256:ykC6yoJtx6YOlKykFwP+S/q4Ma4pPnYql3yn5fzzUqg root@ubuntu-bionic (RSA)
<14>Jul  9 15:33:37 ec2: -----END SSH HOST KEY FINGERPRINTS-----
<14>Jul  9 15:33:37 ec2: #############################################################
-----BEGIN SSH HOST KEY KEYS-----
ecdsa-sha2-nistp256 AAAAE2VjZHNhLXNoYTItbmlzdHAyNTYAAAAIbmlzdHAyNTYAAABBBCP5bM0UIG56jVDrOPuiv4VP1sgei8aG+J4pPjwdluPm3svhwqUuzVOsgTzRtSN2FG/w3viO/qgbx1XTRYY2Mws= root@ubuntu-bionic
ssh-ed25519 AAAAC3NzaC1lZDI1NTE5AAAAIAVov/fRE//SM8ahkeAOWXXb0vR9Yau5Hh1mBGUGYmV9 root@ubuntu-bionic
ssh-rsa AAAAB3NzaC1yc2EAAAADAQABAAABAQDgDMBW0OTqGIhH/siBp3u5yUsBLVyI3hY4Z5hQQNMJJ6R6YypiT6xiIEeJQLP7UyvkRFRC7vHpheHiL/fs5Yy2T6Vo0YzxW/Gp5Ce+e1esn2bN+rT2piszFSiOUi0o2r9GdGHYAOQEk5kBICeHTZXyQS5cUxGB0ecDGuCAqRULFCOm0OqOvo80nZuOn24x5C1dF9F4j6/eg/rXUBCWYZ2nrFOqtCMBXFIZJs/gzYmRjfAyUgjPO+wJfVoHfGsrMjNn8hrSlssWF3rZELpCgm024cAPolVpOS9q3CM8+t57aKE4lBYGAS7v8rASxh9G2ASg/3AOsPBuZvMHpUz6o2bN root@ubuntu-bionic
-----END SSH HOST KEY KEYS-----
         Stopping User Manager for UID 1000...
[[0;32m  OK  [0m] Stopped User Manager for UID 1000.
[[0;32m  OK  [0m] Removed slice User Slice of vagrant.
[   40.343216] cloud-init[1347]: Cloud-init v. 19.1-1-gbaa47854-0ubuntu1~18.04.1 running 'modules:final' at Tue, 09 Jul 2019 15:33:36 +0000. Up 39.97 seconds.
[   40.345713] cloud-init[1347]: ci-info: no authorized ssh keys fingerprints found for user ubuntu.
[   40.347209] cloud-init[1347]: Cloud-init v. 19.1-1-gbaa47854-0ubuntu1~18.04.1 finished at Tue, 09 Jul 2019 15:33:37 +0000. Datasource DataSourceNoCloud [seed=/dev/sdb][dsmode=net].  Up 40.33 seconds
[[0;32m  OK  [0m] Started Execute cloud user/final scripts.
[[0;32m  OK  [0m] Reached target Cloud-init target.

Ubuntu 18.04.2 LTS ubuntu-bionic ttyS0

ubuntu-bionic login: 